ffmpeg version 4.2.1 Copyright (c) 2000-2019 the FFmpeg developers
  built with gcc 9.1.1 (GCC) 20190807
  configuration: --enable-gpl --enable-version3 --enable-sdl2 --enable-fontconfig --enable-gnutls --enable-iconv --enable-libass --enable-libdav1d --enable-libbluray --enable-libfreetype --enable-libmp3lame --enable-libopencore-amrnb --enable-libopencore-amrwb --enable-libopenjpeg --enable-libopus --enable-libshine --enable-libsnappy --enable-libsoxr --enable-libtheora --enable-libtwolame --enable-libvpx --enable-libwavpack --enable-libwebp --enable-libx264 --enable-libx265 --enable-libxml2 --enable-libzimg --enable-lzma --enable-zlib --enable-gmp --enable-libvidstab --enable-libvorbis --enable-libvo-amrwbenc --enable-libmysofa --enable-libspeex --enable-libxvid --enable-libaom --enable-libmfx --enable-amf --enable-ffnvcodec --enable-cuvid --enable-d3d11va --enable-nvenc --enable-nvdec --enable-dxva2 --enable-avisynth --enable-libopenmpt
  libavutil      56. 31.100 / 56. 31.100
  libavcodec     58. 54.100 / 58. 54.100
  libavformat    58. 29.100 / 58. 29.100
  libavdevice    58.  8.100 / 58.  8.100
  libavfilter     7. 57.100 /  7. 57.100
  libswscale      5.  5.100 /  5.  5.100
  libswresample   3.  5.100 /  3.  5.100
  libpostproc    55.  5.100 / 55.  5.100
Splitting the commandline.
Reading option '-v' ... matched as option 'v' (set logging level) with argument 'debug'.
Reading option '-nostdin' ... matched as option 'stdin' (enable or disable interaction on standard input) with argument 0.
Reading option '-progress' ... matched as option 'progress' (write program-readable progress information) with argument 'C:/Users/shark/AppData/Local/Temp/KritaFFmpegProgress.chpQOf'.
Reading option '-r' ... matched as option 'r' (set frame rate (Hz value, fraction or abbreviation)) with argument '24'.
Reading option '-start_number' ... matched as AVOption 'start_number' with argument '0'.
Reading option '-i' ... matched as input url with argument 'H:/projet unity/Rising_Memories/Rising_Memories_projet/Assets/Graphics/Intro/frame%04d.png'.
Reading option '-crf' ... matched as AVOption 'crf' with argument '23'.
Reading option '-preset' ... matched as AVOption 'preset' with argument 'medium'.
Reading option '-profile:v' ... matched as option 'profile' (set profile) with argument 'baseline'.
Reading option '-pix_fmt' ... matched as option 'pix_fmt' (set pixel format) with argument 'yuv420p'.
Reading option '-y' ... matched as option 'y' (overwrite output files) with argument '1'.
Reading option 'H:/projet unity/Rising_Memories/Rising_Memories_projet/Assets/Graphics/Intro\cassoulet _intro.mp4' ... matched as output url.
Finished splitting the commandline.
Parsing a group of options: global .
Applying option v (set logging level) with argument debug.
Applying option nostdin (enable or disable interaction on standard input) with argument 0.
Applying option progress (write program-readable progress information) with argument C:/Users/shark/AppData/Local/Temp/KritaFFmpegProgress.chpQOf.
[file @ 0000019a894cb640] Setting default whitelist 'file,crypto'
Applying option y (overwrite output files) with argument 1.
Successfully parsed a group of options.
Parsing a group of options: input url H:/projet unity/Rising_Memories/Rising_Memories_projet/Assets/Graphics/Intro/frame%04d.png.
Applying option r (set frame rate (Hz value, fraction or abbreviation)) with argument 24.
Successfully parsed a group of options.
Opening an input file: H:/projet unity/Rising_Memories/Rising_Memories_projet/Assets/Graphics/Intro/frame%04d.png.
[image2 @ 0000019a8950b8c0] Opening 'H:/projet unity/Rising_Memories/Rising_Memories_projet/Assets/Graphics/Intro/frame0000.png' for reading
[file @ 0000019a8950f040] Setting default whitelist 'file,crypto'
[AVIOContext @ 0000019a89517200] Statistics: 42119 bytes read, 0 seeks
[image2 @ 0000019a8950b8c0] Opening 'H:/projet unity/Rising_Memories/Rising_Memories_projet/Assets/Graphics/Intro/frame0001.png' for reading
[file @ 0000019a895219c0] Setting default whitelist 'file,crypto'
[AVIOContext @ 0000019a8952bc80] Statistics: 42119 bytes read, 0 seeks
[image2 @ 0000019a8950b8c0] Opening 'H:/projet unity/Rising_Memories/Rising_Memories_projet/Assets/Graphics/Intro/frame0002.png' for reading
[file @ 0000019a895364c0] Setting default whitelist 'file,crypto'
[AVIOContext @ 0000019a895219c0] Statistics: 42119 bytes read, 0 seeks
[image2 @ 0000019a8950b8c0] Opening 'H:/projet unity/Rising_Memories/Rising_Memories_projet/Assets/Graphics/Intro/frame0003.png' for reading
[file @ 0000019a89521c00] Setting default whitelist 'file,crypto'
[AVIOContext @ 0000019a8953e500] Statistics: 42149 bytes read, 0 seeks
[image2 @ 0000019a8950b8c0] Opening 'H:/projet unity/Rising_Memories/Rising_Memories_projet/Assets/Graphics/Intro/frame0004.png' for reading
[file @ 0000019a89521e00] Setting default whitelist 'file,crypto'
[AVIOContext @ 0000019a8953e500] Statistics: 42149 bytes read, 0 seeks
[image2 @ 0000019a8950b8c0] Opening 'H:/projet unity/Rising_Memories/Rising_Memories_projet/Assets/Graphics/Intro/frame0005.png' for reading
[file @ 0000019a89522000] Setting default whitelist 'file,crypto'
[AVIOContext @ 0000019a8953e500] Statistics: 42149 bytes read, 0 seeks
[image2 @ 0000019a8950b8c0] Opening 'H:/projet unity/Rising_Memories/Rising_Memories_projet/Assets/Graphics/Intro/frame0006.png' for reading
[file @ 0000019a89522200] Setting default whitelist 'file,crypto'
[AVIOContext @ 0000019a8953e500] Statistics: 42231 bytes read, 0 seeks
[image2 @ 0000019a8950b8c0] Opening 'H:/projet unity/Rising_Memories/Rising_Memories_projet/Assets/Graphics/Intro/frame0007.png' for reading
[file @ 0000019a89522400] Setting default whitelist 'file,crypto'
[AVIOContext @ 0000019a8953e500] Statistics: 42231 bytes read, 0 seeks
[image2 @ 0000019a8950b8c0] Opening 'H:/projet unity/Rising_Memories/Rising_Memories_projet/Assets/Graphics/Intro/frame0008.png' for reading
[file @ 0000019a89522600] Setting default whitelist 'file,crypto'
[AVIOContext @ 0000019a8953e500] Statistics: 42231 bytes read, 0 seeks
[image2 @ 0000019a8950b8c0] Opening 'H:/projet unity/Rising_Memories/Rising_Memories_projet/Assets/Graphics/Intro/frame0009.png' for reading
[file @ 0000019a89522800] Setting default whitelist 'file,crypto'
[AVIOContext @ 0000019a8953e500] Statistics: 42348 bytes read, 0 seeks
[image2 @ 0000019a8950b8c0] Opening 'H:/projet unity/Rising_Memories/Rising_Memories_projet/Assets/Graphics/Intro/frame0010.png' for reading
[file @ 0000019a89523200] Setting default whitelist 'file,crypto'
[AVIOContext @ 0000019a8953e500] Statistics: 42348 bytes read, 0 seeks
[image2 @ 0000019a8950b8c0] Opening 'H:/projet unity/Rising_Memories/Rising_Memories_projet/Assets/Graphics/Intro/frame0011.png' for reading
[file @ 0000019a89517240] Setting default whitelist 'file,crypto'
[AVIOContext @ 0000019a8953e500] Statistics: 42340 bytes read, 0 seeks
[image2 @ 0000019a8950b8c0] Opening 'H:/projet unity/Rising_Memories/Rising_Memories_projet/Assets/Graphics/Intro/frame0012.png' for reading
[file @ 0000019a89517240] Setting default whitelist 'file,crypto'
[AVIOContext @ 0000019a8953e500] Statistics: 42340 bytes read, 0 seeks
[image2 @ 0000019a8950b8c0] Opening 'H:/projet unity/Rising_Memories/Rising_Memories_projet/Assets/Graphics/Intro/frame0013.png' for reading
[file @ 0000019a89517240] Setting default whitelist 'file,crypto'
[AVIOContext @ 0000019a8953e500] Statistics: 42373 bytes read, 0 seeks
[image2 @ 0000019a8950b8c0] Opening 'H:/projet unity/Rising_Memories/Rising_Memories_projet/Assets/Graphics/Intro/frame0014.png' for reading
[file @ 0000019a89517240] Setting default whitelist 'file,crypto'
[AVIOContext @ 0000019a8953e500] Statistics: 42373 bytes read, 0 seeks
[image2 @ 0000019a8950b8c0] Opening 'H:/projet unity/Rising_Memories/Rising_Memories_projet/Assets/Graphics/Intro/frame0015.png' for reading
[file @ 0000019a89517240] Setting default whitelist 'file,crypto'
[AVIOContext @ 0000019a8953e500] Statistics: 42297 bytes read, 0 seeks
[image2 @ 0000019a8950b8c0] Opening 'H:/projet unity/Rising_Memories/Rising_Memories_projet/Assets/Graphics/Intro/frame0016.png' for reading
[file @ 0000019a89517240] Setting default whitelist 'file,crypto'
[AVIOContext @ 0000019a8953e500] Statistics: 42297 bytes read, 0 seeks
[image2 @ 0000019a8950b8c0] Opening 'H:/projet unity/Rising_Memories/Rising_Memories_projet/Assets/Graphics/Intro/frame0017.png' for reading
[file @ 0000019a89517240] Setting default whitelist 'file,crypto'
[AVIOContext @ 0000019a8953e500] Statistics: 42209 bytes read, 0 seeks
[image2 @ 0000019a8950b8c0] Opening 'H:/projet unity/Rising_Memories/Rising_Memories_projet/Assets/Graphics/Intro/frame0018.png' for reading
[file @ 0000019a89517240] Setting default whitelist 'file,crypto'
[AVIOContext @ 0000019a8953e500] Statistics: 42209 bytes read, 0 seeks
[image2 @ 0000019a8950b8c0] Opening 'H:/projet unity/Rising_Memories/Rising_Memories_projet/Assets/Graphics/Intro/frame0019.png' for reading
[file @ 0000019a89517240] Setting default whitelist 'file,crypto'
[AVIOContext @ 0000019a8953e500] Statistics: 42149 bytes read, 0 seeks
[image2 @ 0000019a8950b8c0] Opening 'H:/projet unity/Rising_Memories/Rising_Memories_projet/Assets/Graphics/Intro/frame0020.png' for reading
[file @ 0000019a89527300] Setting default whitelist 'file,crypto'
[AVIOContext @ 0000019a8953e500] Statistics: 42156 bytes read, 0 seeks
[image2 @ 0000019a8950b8c0] Opening 'H:/projet unity/Rising_Memories/Rising_Memories_projet/Assets/Graphics/Intro/frame0021.png' for reading
[file @ 0000019a89527980] Setting default whitelist 'file,crypto'
[AVIOContext @ 0000019a8953e500] Statistics: 42192 bytes read, 0 seeks
[image2 @ 0000019a8950b8c0] Opening 'H:/projet unity/Rising_Memories/Rising_Memories_projet/Assets/Graphics/Intro/frame0022.png' for reading
[file @ 0000019a89527840] Setting default whitelist 'file,crypto'
[AVIOContext @ 0000019a8953e500] Statistics: 42168 bytes read, 0 seeks
[image2 @ 0000019a8950b8c0] Opening 'H:/projet unity/Rising_Memories/Rising_Memories_projet/Assets/Graphics/Intro/frame0023.png' for reading
[file @ 0000019a89527980] Setting default whitelist 'file,crypto'
[AVIOContext @ 0000019a8953e500] Statistics: 42181 bytes read, 0 seeks
[image2 @ 0000019a8950b8c0] Opening 'H:/projet unity/Rising_Memories/Rising_Memories_projet/Assets/Graphics/Intro/frame0024.png' for reading
[file @ 0000019a89526ec0] Setting default whitelist 'file,crypto'
[AVIOContext @ 0000019a8953e500] Statistics: 42162 bytes read, 0 seeks
[image2 @ 0000019a8950b8c0] Opening 'H:/projet unity/Rising_Memories/Rising_Memories_projet/Assets/Graphics/Intro/frame0025.png' for reading
[file @ 0000019a89527640] Setting default whitelist 'file,crypto'
[AVIOContext @ 0000019a8953e500] Statistics: 42168 bytes read, 0 seeks
[image2 @ 0000019a8950b8c0] Opening 'H:/projet unity/Rising_Memories/Rising_Memories_projet/Assets/Graphics/Intro/frame0026.png' for reading
[file @ 0000019a89527a80] Setting default whitelist 'file,crypto'
[AVIOContext @ 0000019a8a175e80] Statistics: 42181 bytes read, 0 seeks
[image2 @ 0000019a8950b8c0] Opening 'H:/projet unity/Rising_Memories/Rising_Memories_projet/Assets/Graphics/Intro/frame0027.png' for reading
[file @ 0000019a89527540] Setting default whitelist 'file,crypto'
[AVIOContext @ 0000019a8a175e80] Statistics: 42188 bytes read, 0 seeks
[image2 @ 0000019a8950b8c0] Opening 'H:/projet unity/Rising_Memories/Rising_Memories_projet/Assets/Graphics/Intro/frame0028.png' for reading
[file @ 0000019a89526fc0] Setting default whitelist 'file,crypto'
[AVIOContext @ 0000019a8a175e80] Statistics: 42188 bytes read, 0 seeks
[image2 @ 0000019a8950b8c0] Opening 'H:/projet unity/Rising_Memories/Rising_Memories_projet/Assets/Graphics/Intro/frame0029.png' for reading
[file @ 0000019a89527a80] Setting default whitelist 'file,crypto'
[AVIOContext @ 0000019a8a175e80] Statistics: 42163 bytes read, 0 seeks
[image2 @ 0000019a8950b8c0] Opening 'H:/projet unity/Rising_Memories/Rising_Memories_projet/Assets/Graphics/Intro/frame0030.png' for reading
[file @ 0000019a89526fc0] Setting default whitelist 'file,crypto'
[AVIOContext @ 0000019a8a175e80] Statistics: 42101 bytes read, 0 seeks
[image2 @ 0000019a8950b8c0] Opening 'H:/projet unity/Rising_Memories/Rising_Memories_projet/Assets/Graphics/Intro/frame0031.png' for reading
[file @ 0000019a89527300] Setting default whitelist 'file,crypto'
[AVIOContext @ 0000019a8a175e80] Statistics: 42101 bytes read, 0 seeks
[image2 @ 0000019a8950b8c0] Opening 'H:/projet unity/Rising_Memories/Rising_Memories_projet/Assets/Graphics/Intro/frame0032.png' for reading
[file @ 0000019a89526ec0] Setting default whitelist 'file,crypto'
[AVIOContext @ 0000019a8a175e80] Statistics: 42130 bytes read, 0 seeks
[image2 @ 0000019a8950b8c0] Opening 'H:/projet unity/Rising_Memories/Rising_Memories_projet/Assets/Graphics/Intro/frame0033.png' for reading
[file @ 0000019a89527100] Setting default whitelist 'file,crypto'
[AVIOContext @ 0000019a8a175e80] Statistics: 42105 bytes read, 0 seeks
[image2 @ 0000019a8950b8c0] Opening 'H:/projet unity/Rising_Memories/Rising_Memories_projet/Assets/Graphics/Intro/frame0034.png' for reading
[file @ 0000019a89527200] Setting default whitelist 'file,crypto'
[AVIOContext @ 0000019a8a175e80] Statistics: 42105 bytes read, 0 seeks
[image2 @ 0000019a8950b8c0] Opening 'H:/projet unity/Rising_Memories/Rising_Memories_projet/Assets/Graphics/Intro/frame0035.png' for reading
[file @ 0000019a89526ec0] Setting default whitelist 'file,crypto'
[AVIOContext @ 0000019a8a175e80] Statistics: 42105 bytes read, 0 seeks
[image2 @ 0000019a8950b8c0] Opening 'H:/projet unity/Rising_Memories/Rising_Memories_projet/Assets/Graphics/Intro/frame0036.png' for reading
[file @ 0000019a89527100] Setting default whitelist 'file,crypto'
[AVIOContext @ 0000019a8a175e80] Statistics: 42144 bytes read, 0 seeks
[image2 @ 0000019a8950b8c0] Opening 'H:/projet unity/Rising_Memories/Rising_Memories_projet/Assets/Graphics/Intro/frame0037.png' for reading
[file @ 0000019a89527300] Setting default whitelist 'file,crypto'
[AVIOContext @ 0000019a8a175e80] Statistics: 42144 bytes read, 0 seeks
[image2 @ 0000019a8950b8c0] Opening 'H:/projet unity/Rising_Memories/Rising_Memories_projet/Assets/Graphics/Intro/frame0038.png' for reading
[file @ 0000019a89527640] Setting default whitelist 'file,crypto'
[AVIOContext @ 0000019a8a1f9e80] Statistics: 42129 bytes read, 0 seeks
[image2 @ 0000019a8950b8c0] Opening 'H:/projet unity/Rising_Memories/Rising_Memories_projet/Assets/Graphics/Intro/frame0039.png' for reading
[file @ 0000019a89527740] Setting default whitelist 'file,crypto'
[AVIOContext @ 0000019a8a1f9e80] Statistics: 42142 bytes read, 0 seeks
[image2 @ 0000019a8950b8c0] Opening 'H:/projet unity/Rising_Memories/Rising_Memories_projet/Assets/Graphics/Intro/frame0040.png' for reading
[file @ 0000019a89527980] Setting default whitelist 'file,crypto'
[AVIOContext @ 0000019a8a1f9e80] Statistics: 42142 bytes read, 0 seeks
[image2 @ 0000019a8950b8c0] Opening 'H:/projet unity/Rising_Memories/Rising_Memories_projet/Assets/Graphics/Intro/frame0041.png' for reading
[file @ 0000019a89527540] Setting default whitelist 'file,crypto'
[AVIOContext @ 0000019a8a1f9e80] Statistics: 42137 bytes read, 0 seeks
[image2 @ 0000019a8950b8c0] Opening 'H:/projet unity/Rising_Memories/Rising_Memories_projet/Assets/Graphics/Intro/frame0042.png' for reading
[file @ 0000019a89527840] Setting default whitelist 'file,crypto'
[AVIOContext @ 0000019a895917c0] Statistics: 42162 bytes read, 0 seeks
[image2 @ 0000019a8950b8c0] Opening 'H:/projet unity/Rising_Memories/Rising_Memories_projet/Assets/Graphics/Intro/frame0043.png' for reading
[file @ 0000019a89526fc0] Setting default whitelist 'file,crypto'
[AVIOContext @ 0000019a89591500] Statistics: 42162 bytes read, 0 seeks
[image2 @ 0000019a8950b8c0] Opening 'H:/projet unity/Rising_Memories/Rising_Memories_projet/Assets/Graphics/Intro/frame0044.png' for reading
[file @ 0000019a89527640] Setting default whitelist 'file,crypto'
[AVIOContext @ 0000019a89591640] Statistics: 42162 bytes read, 0 seeks
[image2 @ 0000019a8950b8c0] Opening 'H:/projet unity/Rising_Memories/Rising_Memories_projet/Assets/Graphics/Intro/frame0045.png' for reading
[file @ 0000019a89527840] Setting default whitelist 'file,crypto'
[AVIOContext @ 0000019a89591e40] Statistics: 42165 bytes read, 0 seeks
[image2 @ 0000019a8950b8c0] Opening 'H:/projet unity/Rising_Memories/Rising_Memories_projet/Assets/Graphics/Intro/frame0046.png' for reading
[file @ 0000019a89527540] Setting default whitelist 'file,crypto'
[AVIOContext @ 0000019a89591a40] Statistics: 42178 bytes read, 0 seeks
[image2 @ 0000019a8950b8c0] Opening 'H:/projet unity/Rising_Memories/Rising_Memories_projet/Assets/Graphics/Intro/frame0047.png' for reading
[file @ 0000019a89526fc0] Setting default whitelist 'file,crypto'
[AVIOContext @ 0000019a895913c0] Statistics: 42178 bytes read, 0 seeks
[image2 @ 0000019a8950b8c0] Opening 'H:/projet unity/Rising_Memories/Rising_Memories_projet/Assets/Graphics/Intro/frame0048.png' for reading
[file @ 0000019a89527100] Setting default whitelist 'file,crypto'
[AVIOContext @ 0000019a89591500] Statistics: 42178 bytes read, 0 seeks
[image2 @ 0000019a8950b8c0] Opening 'H:/projet unity/Rising_Memories/Rising_Memories_projet/Assets/Graphics/Intro/frame0049.png' for reading
[file @ 0000019a89527100] Setting default whitelist 'file,crypto'
[AVIOContext @ 0000019a89591500] Statistics: 42173 bytes read, 0 seeks
[image2 @ 0000019a8950b8c0] Opening 'H:/projet unity/Rising_Memories/Rising_Memories_projet/Assets/Graphics/Intro/frame0050.png' for reading
[file @ 0000019a89527840] Setting default whitelist 'file,crypto'
[AVIOContext @ 0000019a89591500] Statistics: 42173 bytes read, 0 seeks
[image2 @ 0000019a8950b8c0] Opening 'H:/projet unity/Rising_Memories/Rising_Memories_projet/Assets/Graphics/Intro/frame0051.png' for reading
[file @ 0000019a89527840] Setting default whitelist 'file,crypto'
[AVIOContext @ 0000019a895913c0] Statistics: 42173 bytes read, 0 seeks
[image2 @ 0000019a8950b8c0] Opening 'H:/projet unity/Rising_Memories/Rising_Memories_projet/Assets/Graphics/Intro/frame0052.png' for reading
[file @ 0000019a89527b80] Setting default whitelist 'file,crypto'
[AVIOContext @ 0000019a895917c0] Statistics: 42177 bytes read, 0 seeks
[image2 @ 0000019a8950b8c0] Opening 'H:/projet unity/Rising_Memories/Rising_Memories_projet/Assets/Graphics/Intro/frame0053.png' for reading
[file @ 0000019a89527c80] Setting default whitelist 'file,crypto'
[AVIOContext @ 0000019a89591500] Statistics: 42168 bytes read, 0 seeks
[image2 @ 0000019a8950b8c0] Opening 'H:/projet unity/Rising_Memories/Rising_Memories_projet/Assets/Graphics/Intro/frame0054.png' for reading
[file @ 0000019a89527640] Setting default whitelist 'file,crypto'
[AVIOContext @ 0000019a895913c0] Statistics: 42168 bytes read, 0 seeks
[image2 @ 0000019a8950b8c0] Opening 'H:/projet unity/Rising_Memories/Rising_Memories_projet/Assets/Graphics/Intro/frame0055.png' for reading
[file @ 0000019a89527980] Setting default whitelist 'file,crypto'
[AVIOContext @ 0000019a89591500] Statistics: 43409 bytes read, 0 seeks
[image2 @ 0000019a8950b8c0] Opening 'H:/projet unity/Rising_Memories/Rising_Memories_projet/Assets/Graphics/Intro/frame0056.png' for reading
[file @ 0000019a89527100] Setting default whitelist 'file,crypto'
[AVIOContext @ 0000019a89591f80] Statistics: 43409 bytes read, 0 seeks
[image2 @ 0000019a8950b8c0] Opening 'H:/projet unity/Rising_Memories/Rising_Memories_projet/Assets/Graphics/Intro/frame0057.png' for reading
[file @ 0000019a89527740] Setting default whitelist 'file,crypto'
[AVIOContext @ 0000019a89591d00] Statistics: 43798 bytes read, 0 seeks
[image2 @ 0000019a8950b8c0] Opening 'H:/projet unity/Rising_Memories/Rising_Memories_projet/Assets/Graphics/Intro/frame0058.png' for reading
[file @ 0000019a89527640] Setting default whitelist 'file,crypto'
[AVIOContext @ 0000019a895913c0] Statistics: 43798 bytes read, 0 seeks
[image2 @ 0000019a8950b8c0] Opening 'H:/projet unity/Rising_Memories/Rising_Memories_projet/Assets/Graphics/Intro/frame0059.png' for reading
[file @ 0000019a89527b80] Setting default whitelist 'file,crypto'
[AVIOContext @ 0000019a89591a40] Statistics: 43603 bytes read, 0 seeks
[image2 @ 0000019a8950b8c0] Opening 'H:/projet unity/Rising_Memories/Rising_Memories_projet/Assets/Graphics/Intro/frame0060.png' for reading
[file @ 0000019a89527840] Setting default whitelist 'file,crypto'
[AVIOContext @ 0000019a89591e40] Statistics: 43603 bytes read, 0 seeks
[image2 @ 0000019a8950b8c0] Opening 'H:/projet unity/Rising_Memories/Rising_Memories_projet/Assets/Graphics/Intro/frame0061.png' for reading
[file @ 0000019a89527100] Setting default whitelist 'file,crypto'
[AVIOContext @ 0000019a89591e40] Statistics: 44145 bytes read, 0 seeks
[image2 @ 0000019a8950b8c0] Opening 'H:/projet unity/Rising_Memories/Rising_Memories_projet/Assets/Graphics/Intro/frame0062.png' for reading
[file @ 0000019a89527200] Setting default whitelist 'file,crypto'
[AVIOContext @ 0000019a89591e40] Statistics: 44145 bytes read, 0 seeks
[image2 @ 0000019a8950b8c0] Opening 'H:/projet unity/Rising_Memories/Rising_Memories_projet/Assets/Graphics/Intro/frame0063.png' for reading
[file @ 0000019a89527c80] Setting default whitelist 'file,crypto'
[AVIOContext @ 0000019a89591b80] Statistics: 44095 bytes read, 0 seeks
[image2 @ 0000019a8950b8c0] Opening 'H:/projet unity/Rising_Memories/Rising_Memories_projet/Assets/Graphics/Intro/frame0064.png' for reading
[file @ 0000019a89527100] Setting default whitelist 'file,crypto'
[AVIOContext @ 0000019a89591900] Statistics: 44095 bytes read, 0 seeks
[image2 @ 0000019a8950b8c0] Opening 'H:/projet unity/Rising_Memories/Rising_Memories_projet/Assets/Graphics/Intro/frame0065.png' for reading
[file @ 0000019a89527840] Setting default whitelist 'file,crypto'
[AVIOContext @ 0000019a89591280] Statistics: 43964 bytes read, 0 seeks
[image2 @ 0000019a8950b8c0] Opening 'H:/projet unity/Rising_Memories/Rising_Memories_projet/Assets/Graphics/Intro/frame0066.png' for reading
[file @ 0000019a89527980] Setting default whitelist 'file,crypto'
[AVIOContext @ 0000019a895913c0] Statistics: 43964 bytes read, 0 seeks
[image2 @ 0000019a8950b8c0] Opening 'H:/projet unity/Rising_Memories/Rising_Memories_projet/Assets/Graphics/Intro/frame0067.png' for reading
[file @ 0000019a89527400] Setting default whitelist 'file,crypto'
[AVIOContext @ 0000019a89591a40] Statistics: 43960 bytes read, 0 seeks
[image2 @ 0000019a8950b8c0] Opening 'H:/projet unity/Rising_Memories/Rising_Memories_projet/Assets/Graphics/Intro/frame0068.png' for reading
[file @ 0000019a89527740] Setting default whitelist 'file,crypto'
[AVIOContext @ 0000019a89591b80] Statistics: 43960 bytes read, 0 seeks
[image2 @ 0000019a8950b8c0] Opening 'H:/projet unity/Rising_Memories/Rising_Memories_projet/Assets/Graphics/Intro/frame0069.png' for reading
[file @ 0000019a89527100] Setting default whitelist 'file,crypto'
[AVIOContext @ 0000019a895917c0] Statistics: 44039 bytes read, 0 seeks
[image2 @ 0000019a8950b8c0] Opening 'H:/projet unity/Rising_Memories/Rising_Memories_projet/Assets/Graphics/Intro/frame0070.png' for reading
[file @ 0000019a89527200] Setting default whitelist 'file,crypto'
[AVIOContext @ 0000019a89591280] Statistics: 44039 bytes read, 0 seeks
[image2 @ 0000019a8950b8c0] Opening 'H:/projet unity/Rising_Memories/Rising_Memories_projet/Assets/Graphics/Intro/frame0071.png' for reading
[file @ 0000019a89527740] Setting default whitelist 'file,crypto'
[AVIOContext @ 0000019a89591500] Statistics: 44616 bytes read, 0 seeks
[image2 @ 0000019a8950b8c0] Opening 'H:/projet unity/Rising_Memories/Rising_Memories_projet/Assets/Graphics/Intro/frame0072.png' for reading
[file @ 0000019a89527a80] Setting default whitelist 'file,crypto'
[AVIOContext @ 0000019a89591b80] Statistics: 44616 bytes read, 0 seeks
[image2 @ 0000019a8950b8c0] Opening 'H:/projet unity/Rising_Memories/Rising_Memories_projet/Assets/Graphics/Intro/frame0073.png' for reading
[file @ 0000019a89527840] Setting default whitelist 'file,crypto'
[AVIOContext @ 0000019a89591b80] Statistics: 45113 bytes read, 0 seeks
[image2 @ 0000019a8950b8c0] Opening 'H:/projet unity/Rising_Memories/Rising_Memories_projet/Assets/Graphics/Intro/frame0074.png' for reading
[file @ 0000019a89526fc0] Setting default whitelist 'file,crypto'
[AVIOContext @ 0000019a89591f80] Statistics: 45473 bytes read, 0 seeks
[image2 @ 0000019a8950b8c0] Opening 'H:/projet unity/Rising_Memories/Rising_Memories_projet/Assets/Graphics/Intro/frame0075.png' for reading
[file @ 0000019a89526ec0] Setting default whitelist 'file,crypto'
[AVIOContext @ 0000019a89591f80] Statistics: 45718 bytes read, 0 seeks
[image2 @ 0000019a8950b8c0] Opening 'H:/projet unity/Rising_Memories/Rising_Memories_projet/Assets/Graphics/Intro/frame0076.png' for reading
[file @ 0000019a89527b80] Setting default whitelist 'file,crypto'
[AVIOContext @ 0000019a89591a40] Statistics: 45457 bytes read, 0 seeks
[image2 @ 0000019a8950b8c0] Opening 'H:/projet unity/Rising_Memories/Rising_Memories_projet/Assets/Graphics/Intro/frame0077.png' for reading
[file @ 0000019a89527840] Setting default whitelist 'file,crypto'
[AVIOContext @ 0000019a89591d00] Statistics: 46095 bytes read, 0 seeks
[image2 @ 0000019a8950b8c0] Opening 'H:/projet unity/Rising_Memories/Rising_Memories_projet/Assets/Graphics/Intro/frame0078.png' for reading
[file @ 0000019a89526ec0] Setting default whitelist 'file,crypto'
[AVIOContext @ 0000019a89591b80] Statistics: 46130 bytes read, 0 seeks
[image2 @ 0000019a8950b8c0] Opening 'H:/projet unity/Rising_Memories/Rising_Memories_projet/Assets/Graphics/Intro/frame0079.png' for reading
[file @ 0000019a89527c80] Setting default whitelist 'file,crypto'
[AVIOContext @ 0000019a89591500] Statistics: 45311 bytes read, 0 seeks
[image2 @ 0000019a8950b8c0] Opening 'H:/projet unity/Rising_Memories/Rising_Memories_projet/Assets/Graphics/Intro/frame0080.png' for reading
[file @ 0000019a89527740] Setting default whitelist 'file,crypto'
[AVIOContext @ 0000019a89591f80] Statistics: 45311 bytes read, 0 seeks
[image2 @ 0000019a8950b8c0] Opening 'H:/projet unity/Rising_Memories/Rising_Memories_projet/Assets/Graphics/Intro/frame0081.png' for reading
[file @ 0000019a89527300] Setting default whitelist 'file,crypto'
[AVIOContext @ 0000019a89591500] Statistics: 45311 bytes read, 0 seeks
[image2 @ 0000019a8950b8c0] Opening 'H:/projet unity/Rising_Memories/Rising_Memories_projet/Assets/Graphics/Intro/frame0082.png' for reading
[file @ 0000019a89527b80] Setting default whitelist 'file,crypto'
[AVIOContext @ 0000019a89591b80] Statistics: 45311 bytes read, 0 seeks
[image2 @ 0000019a8950b8c0] Opening 'H:/projet unity/Rising_Memories/Rising_Memories_projet/Assets/Graphics/Intro/frame0083.png' for reading
[file @ 0000019a89527640] Setting default whitelist 'file,crypto'
[AVIOContext @ 0000019a89591a40] Statistics: 45311 bytes read, 0 seeks
[image2 @ 0000019a8950b8c0] Opening 'H:/projet unity/Rising_Memories/Rising_Memories_projet/Assets/Graphics/Intro/frame0084.png' for reading
[file @ 0000019a89527200] Setting default whitelist 'file,crypto'
[AVIOContext @ 0000019a89591e40] Statistics: 45311 bytes read, 0 seeks
[image2 @ 0000019a8950b8c0] Opening 'H:/projet unity/Rising_Memories/Rising_Memories_projet/Assets/Graphics/Intro/frame0085.png' for reading
[file @ 0000019a89527c80] Setting default whitelist 'file,crypto'
[AVIOContext @ 0000019a89591b80] Statistics: 45311 bytes read, 0 seeks
Input #0, image2, from 'H:/projet unity/Rising_Memories/Rising_Memories_projet/Assets/Graphics/Intro/frame%04d.png':
  Duration: 00:00:03.44, start: 0.000000, bitrate: N/A
    Stream #0:0, 86, 1/25: Video: png, 1 reference frame, rgba(pc), 1920x1080 [SAR 11811:11811 DAR 16:9], 0/1, 25 fps, 25 tbr, 25 tbn, 25 tbc
Successfully opened the file.
Parsing a group of options: output url H:/projet unity/Rising_Memories/Rising_Memories_projet/Assets/Graphics/Intro\cassoulet _intro.mp4.
Applying option profile:v (set profile) with argument baseline.
Applying option pix_fmt (set pixel format) with argument yuv420p.
Successfully parsed a group of options.
Opening an output file: H:/projet unity/Rising_Memories/Rising_Memories_projet/Assets/Graphics/Intro\cassoulet _intro.mp4.
[file @ 0000019a8a410a00] Setting default whitelist 'file,crypto'
Successfully opened the file.
detected 12 logical cores
Stream mapping:
  Stream #0:0 -> #0:0 (png (native) -> h264 (libx264))
cur_dts is invalid st:0 (0) [init:0 i_done:0 finish:0] (this is harmless if it occurs once at the start per stream)
    Last message repeated 12 times
[graph 0 input from stream 0:0 @ 0000019a89522580] Setting 'video_size' to value '1920x1080'
[graph 0 input from stream 0:0 @ 0000019a89522580] Setting 'pix_fmt' to value '26'
[graph 0 input from stream 0:0 @ 0000019a89522580] Setting 'time_base' to value '1/24'
[graph 0 input from stream 0:0 @ 0000019a89522580] Setting 'pixel_aspect' to value '11811/11811'
[graph 0 input from stream 0:0 @ 0000019a89522580] Setting 'sws_param' to value 'flags=2'
[graph 0 input from stream 0:0 @ 0000019a89522580] Setting 'frame_rate' to value '24/1'
[graph 0 input from stream 0:0 @ 0000019a89522580] w:1920 h:1080 pixfmt:rgba tb:1/24 fr:24/1 sar:11811/11811 sws_param:flags=2
[format @ 0000019a89522180] Setting 'pix_fmts' to value 'yuv420p'
[auto_scaler_0 @ 0000019a8a297700] Setting 'flags' to value 'bicubic'
[auto_scaler_0 @ 0000019a8a297700] w:iw h:ih flags:'bicubic' interl:0
[format @ 0000019a89522180] auto-inserting filter 'auto_scaler_0' between the filter 'Parsed_null_0' and the filter 'format'
[AVFilterGraph @ 0000019a8a2cad00] query_formats: 4 queried, 2 merged, 1 already done, 0 delayed
[auto_scaler_0 @ 0000019a8a297700] w:1920 h:1080 fmt:rgba sar:11811/11811 -> w:1920 h:1080 fmt:yuv420p sar:1/1 flags:0x4
[libx264 @ 0000019a8a40f900] using mv_range_thread = 24
[libx264 @ 0000019a8a40f900] using SAR=1/1
[libx264 @ 0000019a8a40f900] using cpu capabilities: MMX2 SSE2Fast SSSE3 SSE4.2 AVX FMA3 BMI2 AVX2
[libx264 @ 0000019a8a40f900] profile Constrained Baseline, level 4.0, 4:2:0, 8-bit
[libx264 @ 0000019a8a40f900] 264 - core 158 r2984 3759fcb - H.264/MPEG-4 AVC codec - Copyleft 2003-2019 - http://www.videolan.org/x264.html - options: cabac=0 ref=3 deblock=1:0:0 analyse=0x1:0x111 me=hex subme=7 psy=1 psy_rd=1.00:0.00 mixed_ref=1 me_range=16 chroma_me=1 trellis=1 8x8dct=0 cqm=0 deadzone=21,11 fast_pskip=1 chroma_qp_offset=-2 threads=18 lookahead_threads=3 sliced_threads=0 nr=0 decimate=1 interlaced=0 bluray_compat=0 constrained_intra=0 bframes=0 weightp=0 keyint=250 keyint_min=24 scenecut=40 intra_refresh=0 rc_lookahead=40 rc=crf mbtree=1 crf=23.0 qcomp=0.60 qpmin=0 qpmax=69 qpstep=4 ip_ratio=1.40 aq=1:1.00
Output #0, mp4, to 'H:/projet unity/Rising_Memories/Rising_Memories_projet/Assets/Graphics/Intro\cassoulet _intro.mp4':
  Metadata:
    encoder         : Lavf58.29.100
    Stream #0:0, 0, 1/12288: Video: h264 (libx264), 1 reference frame (avc1 / 0x31637661), yuv420p, 1920x1080 [SAR 1:1 DAR 16:9], 0/1, q=-1--1, 24 fps, 12288 tbn, 24 tbc
    Metadata:
      encoder         : Lavc58.54.100 libx264
    Side data:
      cpb: bitrate max/min/avg: 0/0/0 buffer size: 0 vbv_delay: -1
Clipping frame in rate conversion by 0.000008
cur_dts is invalid st:0 (0) [init:1 i_done:0 finish:0] (this is harmless if it occurs once at the start per stream)
    Last message repeated 37 times
frame=   39 fps=0.0 q=0.0 size=       0kB time=00:00:00.00 bitrate=N/A speed=   0x    cur_dts is invalid st:0 (0) [init:1 i_done:0 finish:0] (this is harmless if it occurs once at the start per stream)
    Last message repeated 20 times
[libx264 @ 0000019a8a40f900] frame=   0 QP=11.60 NAL=3 Slice:I Poc:0   I:8160 P:0    SKIP:0    size=16353 bytes
[libx264 @ 0000019a8a40f900] frame=   1 QP=17.30 NAL=2 Slice:P Poc:2   I:5    P:22   SKIP:8133 size=98 bytes
[libx264 @ 0000019a8a40f900] frame=   2 QP=17.50 NAL=2 Slice:P Poc:4   I:0    P:9    SKIP:8151 size=49 bytes
[libx264 @ 0000019a8a40f900] frame=   3 QP=17.53 NAL=2 Slice:P Poc:6   I:14   P:17   SKIP:8129 size=297 bytes
[libx264 @ 0000019a8a40f900] frame=   4 QP=17.50 NAL=2 Slice:P Poc:8   I:1    P:4    SKIP:8155 size=49 bytes
[libx264 @ 0000019a8a40f900] frame=   5 QP=17.50 NAL=2 Slice:P Poc:10  I:0    P:4    SKIP:8156 size=28 bytes
[libx264 @ 0000019a8a40f900] frame=   6 QP=17.54 NAL=2 Slice:P Poc:12  I:10   P:23   SKIP:8127 size=236 bytes
[libx264 @ 0000019a8a40f900] frame=   7 QP=18.18 NAL=2 Slice:P Poc:14  I:1    P:8    SKIP:8151 size=45 bytes
[libx264 @ 0000019a8a40f900] frame=   8 QP=17.83 NAL=2 Slice:P Poc:16  I:0    P:14   SKIP:8146 size=67 bytes
[libx264 @ 0000019a8a40f900] frame=   9 QP=18.31 NAL=2 Slice:P Poc:18  I:22   P:29   SKIP:8109 size=277 bytes
[libx264 @ 0000019a8a40f900] frame=  10 QP=17.50 NAL=2 Slice:P Poc:20  I:0    P:13   SKIP:8147 size=57 bytes
[libx264 @ 0000019a8a40f900] frame=  11 QP=18.61 NAL=2 Slice:P Poc:22  I:11   P:24   SKIP:8125 size=220 bytes
[libx264 @ 0000019a8a40f900] frame=  12 QP=17.72 NAL=2 Slice:P Poc:24  I:2    P:11   SKIP:8147 size=62 bytes
[libx264 @ 0000019a8a40f900] frame=  13 QP=19.04 NAL=2 Slice:P Poc:26  I:22   P:22   SKIP:8116 size=437 bytes
[libx264 @ 0000019a8a40f900] frame=  14 QP=17.87 NAL=2 Slice:P Poc:28  I:0    P:13   SKIP:8147 size=64 bytes
[libx264 @ 0000019a8a40f900] frame=  15 QP=18.74 NAL=2 Slice:P Poc:30  I:15   P:24   SKIP:8121 size=349 bytes
[libx264 @ 0000019a8a40f900] frame=  16 QP=18.10 NAL=2 Slice:P Poc:32  I:1    P:11   SKIP:8148 size=62 bytes
[libx264 @ 0000019a8a40f900] frame=  17 QP=18.23 NAL=2 Slice:P Poc:34  I:26   P:19   SKIP:8115 size=307 bytes
[libx264 @ 0000019a8a40f900] frame=  18 QP=18.93 NAL=2 Slice:P Poc:36  I:1    P:6    SKIP:8153 size=44 bytes
[libx264 @ 0000019a8a40f900] frame=  19 QP=18.32 NAL=2 Slice:P Poc:38  I:14   P:13   SKIP:8133 size=145 bytes
frame=   79 fps= 78 q=28.0 size=       0kB time=00:00:00.79 bitrate=   0.5kbits/s speed=0.784x    [libx264 @ 0000019a8a40f900] frame=  20 QP=18.78 NAL=2 Slice:P Poc:40  I:18   P:20   SKIP:8122 size=353 bytes
[libx264 @ 0000019a8a40f900] frame=  21 QP=18.26 NAL=2 Slice:P Poc:42  I:8    P:26   SKIP:8126 size=366 bytes
[libx264 @ 0000019a8a40f900] frame=  22 QP=18.36 NAL=2 Slice:P Poc:44  I:9    P:24   SKIP:8127 size=334 bytes
[libx264 @ 0000019a8a40f900] frame=  23 QP=18.21 NAL=2 Slice:P Poc:46  I:7    P:21   SKIP:8132 size=332 bytes
[libx264 @ 0000019a8a40f900] frame=  24 QP=18.08 NAL=2 Slice:P Poc:48  I:2    P:26   SKIP:8132 size=156 bytes
[libx264 @ 0000019a8a40f900] frame=  25 QP=17.42 NAL=2 Slice:P Poc:50  I:0    P:22   SKIP:8138 size=86 bytes
[libx264 @ 0000019a8a40f900] frame=  26 QP=18.10 NAL=2 Slice:P Poc:52  I:6    P:16   SKIP:8138 size=332 bytes
[out_0_0 @ 0000019a89522380] EOF on sink link out_0_0:default.
No more output streams to write to, finishing.
[libx264 @ 0000019a8a40f900] frame=  27 QP=18.28 NAL=2 Slice:P Poc:54  I:0    P:8    SKIP:8152 size=66 bytes
[libx264 @ 0000019a8a40f900] frame=  28 QP=18.36 NAL=2 Slice:P Poc:56  I:0    P:5    SKIP:8155 size=37 bytes
[libx264 @ 0000019a8a40f900] frame=  29 QP=17.97 NAL=2 Slice:P Poc:58  I:8    P:12   SKIP:8140 size=297 bytes
[libx264 @ 0000019a8a40f900] frame=  30 QP=17.65 NAL=2 Slice:P Poc:60  I:4    P:15   SKIP:8141 size=164 bytes
[libx264 @ 0000019a8a40f900] frame=  31 QP=17.50 NAL=2 Slice:P Poc:62  I:0    P:5    SKIP:8155 size=32 bytes
[libx264 @ 0000019a8a40f900] frame=  32 QP=17.71 NAL=2 Slice:P Poc:64  I:3    P:9    SKIP:8148 size=219 bytes
[libx264 @ 0000019a8a40f900] frame=  33 QP=17.78 NAL=2 Slice:P Poc:66  I:5    P:6    SKIP:8149 size=267 bytes
[libx264 @ 0000019a8a40f900] frame=  34 QP=17.65 NAL=2 Slice:P Poc:68  I:0    P:6    SKIP:8154 size=37 bytes
[libx264 @ 0000019a8a40f900] frame=  35 QP=17.56 NAL=2 Slice:P Poc:70  I:0    P:6    SKIP:8154 size=36 bytes
[libx264 @ 0000019a8a40f900] frame=  36 QP=18.98 NAL=2 Slice:P Poc:72  I:2    P:9    SKIP:8149 size=138 bytes
[libx264 @ 0000019a8a40f900] frame=  37 QP=17.56 NAL=2 Slice:P Poc:74  I:0    P:6    SKIP:8154 size=36 bytes
[libx264 @ 0000019a8a40f900] frame=  38 QP=17.88 NAL=2 Slice:P Poc:76  I:2    P:9    SKIP:8149 size=97 bytes
[libx264 @ 0000019a8a40f900] frame=  39 QP=18.90 NAL=2 Slice:P Poc:78  I:3    P:9    SKIP:8148 size=205 bytes
[libx264 @ 0000019a8a40f900] frame=  40 QP=17.40 NAL=2 Slice:P Poc:80  I:0    P:7    SKIP:8153 size=46 bytes
[libx264 @ 0000019a8a40f900] frame=  41 QP=18.35 NAL=2 Slice:P Poc:82  I:0    P:16   SKIP:8144 size=136 bytes
[libx264 @ 0000019a8a40f900] frame=  42 QP=19.46 NAL=2 Slice:P Poc:84  I:3    P:10   SKIP:8147 size=205 bytes
[libx264 @ 0000019a8a40f900] frame=  43 QP=17.56 NAL=2 Slice:P Poc:86  I:0    P:6    SKIP:8154 size=38 bytes
[libx264 @ 0000019a8a40f900] frame=  44 QP=17.56 NAL=2 Slice:P Poc:88  I:0    P:5    SKIP:8155 size=30 bytes
[libx264 @ 0000019a8a40f900] frame=  45 QP=16.95 NAL=2 Slice:P Poc:90  I:0    P:19   SKIP:8141 size=108 bytes
[libx264 @ 0000019a8a40f900] frame=  46 QP=17.86 NAL=2 Slice:P Poc:92  I:1    P:20   SKIP:8139 size=147 bytes
[libx264 @ 0000019a8a40f900] frame=  47 QP=16.32 NAL=2 Slice:P Poc:94  I:0    P:12   SKIP:8148 size=59 bytes
[libx264 @ 0000019a8a40f900] frame=  48 QP=17.56 NAL=2 Slice:P Poc:96  I:0    P:8    SKIP:8152 size=41 bytes
[libx264 @ 0000019a8a40f900] frame=  49 QP=16.21 NAL=2 Slice:P Poc:98  I:3    P:9    SKIP:8148 size=183 bytes
[libx264 @ 0000019a8a40f900] frame=  50 QP=17.56 NAL=2 Slice:P Poc:100 I:0    P:6    SKIP:8154 size=36 bytes
[libx264 @ 0000019a8a40f900] frame=  51 QP=15.03 NAL=2 Slice:P Poc:102 I:0    P:7    SKIP:8153 size=41 bytes
[libx264 @ 0000019a8a40f900] frame=  52 QP=18.13 NAL=2 Slice:P Poc:104 I:2    P:8    SKIP:8150 size=200 bytes
[libx264 @ 0000019a8a40f900] frame=  53 QP=17.50 NAL=2 Slice:P Poc:106 I:2    P:6    SKIP:8152 size=62 bytes
[libx264 @ 0000019a8a40f900] frame=  54 QP=13.70 NAL=2 Slice:P Poc:108 I:0    P:7    SKIP:8153 size=52 bytes
[libx264 @ 0000019a8a40f900] frame=  55 QP=17.62 NAL=2 Slice:P Poc:110 I:19   P:6    SKIP:8135 size=672 bytes
[libx264 @ 0000019a8a40f900] frame=  56 QP=19.85 NAL=2 Slice:P Poc:112 I:0    P:7    SKIP:8153 size=90 bytes
[libx264 @ 0000019a8a40f900] frame=  57 QP=18.01 NAL=2 Slice:P Poc:114 I:9    P:2    SKIP:8149 size=420 bytes
[libx264 @ 0000019a8a40f900] frame=  58 QP=18.00 NAL=2 Slice:P Poc:116 I:0    P:4    SKIP:8156 size=41 bytes
[libx264 @ 0000019a8a40f900] frame=  59 QP=18.30 NAL=2 Slice:P Poc:118 I:9    P:1    SKIP:8150 size=314 bytes
[libx264 @ 0000019a8a40f900] frame=  60 QP=17.87 NAL=2 Slice:P Poc:120 I:0    P:2    SKIP:8158 size=20 bytes
[libx264 @ 0000019a8a40f900] frame=  61 QP=17.47 NAL=2 Slice:P Poc:122 I:11   P:1    SKIP:8148 size=377 bytes
[libx264 @ 0000019a8a40f900] frame=  62 QP=15.00 NAL=2 Slice:P Poc:124 I:0    P:0    SKIP:8160 size=12 bytes
[libx264 @ 0000019a8a40f900] frame=  63 QP=18.01 NAL=2 Slice:P Poc:126 I:10   P:1    SKIP:8149 size=388 bytes
[libx264 @ 0000019a8a40f900] frame=  64 QP=17.87 NAL=2 Slice:P Poc:128 I:0    P:2    SKIP:8158 size=45 bytes
[libx264 @ 0000019a8a40f900] frame=  65 QP=17.81 NAL=2 Slice:P Poc:130 I:11   P:1    SKIP:8148 size=283 bytes
[libx264 @ 0000019a8a40f900] frame=  66 QP=17.99 NAL=2 Slice:P Poc:132 I:1    P:1    SKIP:8158 size=27 bytes
[libx264 @ 0000019a8a40f900] frame=  67 QP=18.61 NAL=2 Slice:P Poc:134 I:9    P:0    SKIP:8151 size=227 bytes
[libx264 @ 0000019a8a40f900] frame=  68 QP=18.15 NAL=2 Slice:P Poc:136 I:0    P:2    SKIP:8158 size=31 bytes
[libx264 @ 0000019a8a40f900] frame=  69 QP=18.29 NAL=2 Slice:P Poc:138 I:9    P:1    SKIP:8150 size=302 bytes
[libx264 @ 0000019a8a40f900] frame=  70 QP=15.00 NAL=2 Slice:P Poc:140 I:0    P:1    SKIP:8159 size=16 bytes
[libx264 @ 0000019a8a40f900] frame=  71 QP=18.39 NAL=2 Slice:P Poc:142 I:11   P:1    SKIP:8148 size=337 bytes
[libx264 @ 0000019a8a40f900] frame=  72 QP=18.71 NAL=2 Slice:P Poc:144 I:0    P:4    SKIP:8156 size=42 bytes
[libx264 @ 0000019a8a40f900] frame=  73 QP=17.84 NAL=2 Slice:P Poc:146 I:13   P:1    SKIP:8146 size=549 bytes
[libx264 @ 0000019a8a40f900] frame=  74 QP=17.72 NAL=2 Slice:P Poc:148 I:6    P:7    SKIP:8147 size=263 bytes
[libx264 @ 0000019a8a40f900] frame=  75 QP=16.85 NAL=2 Slice:P Poc:150 I:10   P:5    SKIP:8145 size=284 bytes
[libx264 @ 0000019a8a40f900] frame=  76 QP=17.87 NAL=2 Slice:P Poc:152 I:13   P:1    SKIP:8146 size=370 bytes
[libx264 @ 0000019a8a40f900] frame=  77 QP=17.86 NAL=2 Slice:P Poc:154 I:8    P:3    SKIP:8149 size=302 bytes
[libx264 @ 0000019a8a40f900] frame=  78 QP=18.12 NAL=2 Slice:P Poc:156 I:10   P:5    SKIP:8145 size=330 bytes
[libx264 @ 0000019a8a40f900] frame=  79 QP=19.06 NAL=2 Slice:P Poc:158 I:3    P:8    SKIP:8149 size=71 bytes
[libx264 @ 0000019a8a40f900] frame=  80 QP=18.38 NAL=2 Slice:P Poc:160 I:0    P:2    SKIP:8158 size=20 bytes
[libx264 @ 0000019a8a40f900] frame=  81 QP=18.32 NAL=2 Slice:P Poc:162 I:0    P:2    SKIP:8158 size=20 bytes
[libx264 @ 0000019a8a40f900] frame=  82 QP=17.48 NAL=2 Slice:P Poc:164 I:0    P:1    SKIP:8159 size=17 bytes
[libx264 @ 0000019a8a40f900] frame=  83 QP=16.00 NAL=2 Slice:P Poc:166 I:0    P:0    SKIP:8160 size=12 bytes
[libx264 @ 0000019a8a40f900] frame=  84 QP=16.00 NAL=2 Slice:P Poc:168 I:0    P:0    SKIP:8160 size=12 bytes
[libx264 @ 0000019a8a40f900] frame=  85 QP=18.00 NAL=2 Slice:P Poc:170 I:0    P:0    SKIP:8160 size=12 bytes
frame=   86 fps= 72 q=-1.0 Lsize=      31kB time=00:00:03.54 bitrate=  72.1kbits/s speed=2.95x    
[AVIOContext @ 0000019a8950b780] Statistics: 0 seeks, 3 writeouts
video:30kB audio:0kB subtitle:0kB other streams:0kB global headers:0kB muxing overhead: 3.836775%
Input file #0 (H:/projet unity/Rising_Memories/Rising_Memories_projet/Assets/Graphics/Intro/frame%04d.png):
  Input stream #0:0 (video): 86 packets read (3702650 bytes); 86 frames decoded; 
  Total: 86 packets (3702650 bytes) demuxed
Output file #0 (H:/projet unity/Rising_Memories/Rising_Memories_projet/Assets/Graphics/Intro\cassoulet _intro.mp4):
  Output stream #0:0 (video): 86 frames encoded; 86 packets muxed (30755 bytes); 
  Total: 86 packets (30755 bytes) muxed
86 frames successfully decoded, 0 decoding errors
[AVIOContext @ 0000019a895913c0] Statistics: 2 seeks, 4 writeouts
[libx264 @ 0000019a8a40f900] frame I:1     Avg QP:11.60  size: 16353
[libx264 @ 0000019a8a40f900] frame P:85    Avg QP:17.78  size:   162
[libx264 @ 0000019a8a40f900] mb I  I16..4: 96.4%  0.0%  3.6%
[libx264 @ 0000019a8a40f900] mb P  I16..4:  0.0%  0.0%  0.0%  P16..4:  0.1%  0.0%  0.0%  0.0%  0.0%    skip:99.8%
[libx264 @ 0000019a8a40f900] coded y,uvDC,uvAC intra: 2.3% 8.9% 6.7% inter: 0.0% 0.1% 0.0%
[libx264 @ 0000019a8a40f900] i16 v,h,dc,p: 97%  2%  2%  0%
[libx264 @ 0000019a8a40f900] i4 v,h,dc,ddl,ddr,vr,hd,vl,hu: 55% 29% 15%  0%  0%  0%  0%  0%  0%
[libx264 @ 0000019a8a40f900] i8c dc,h,v,p: 92%  5%  3%  0%
[libx264 @ 0000019a8a40f900] ref P L0: 80.2% 11.3%  8.5%
[libx264 @ 0000019a8a40f900] kb/s:67.26
